TN:
SF:src\App.tsx
FN:4,App
FN:8,addList
FN:14,removeItem
FNF:3
FNH:1
FNDA:2,App
FNDA:0,addList
FNDA:0,removeItem
DA:1,1
DA:2,1
DA:3,1
DA:4,1
DA:5,2
DA:6,2
DA:7,2
DA:8,2
DA:9,0
DA:10,0
DA:11,0
DA:12,0
DA:13,0
DA:14,2
DA:15,0
DA:16,0
DA:17,0
DA:18,0
DA:19,0
DA:20,2
DA:21,2
DA:22,2
DA:23,2
DA:24,2
DA:25,2
DA:26,2
DA:27,2
DA:28,2
DA:29,2
DA:30,2
DA:31,2
DA:32,2
DA:33,2
DA:34,2
DA:35,2
DA:36,2
DA:37,2
DA:38,2
DA:39,2
DA:40,2
DA:41,2
DA:42,2
LF:42
LH:32
BRDA:4,0,0,2
BRF:1
BRH:1
end_of_record
TN:
SF:src\components\MobileProfile\index.tsx
FN:3,MobileProfile
FNF:1
FNH:1
FNDA:2,MobileProfile
DA:1,1
DA:2,1
DA:3,1
DA:4,2
DA:5,2
DA:6,2
DA:7,2
LF:7
LH:7
BRDA:3,0,0,2
BRF:1
BRH:1
end_of_record
